<?xml version="1.0" encoding="UTF-8"?>
<testng-results skipped="0" failed="3" ignored="6" total="16" passed="7">
  <reporter-output>
  </reporter-output>
  <suite name="Default suite" duration-ms="139289" started-at="2019-03-12T16:17:02Z" finished-at="2019-03-12T16:19:21Z">
    <groups>
    </groups>
    <test name="Default test" duration-ms="139289" started-at="2019-03-12T16:17:02Z" finished-at="2019-03-12T16:19:21Z">
      <class name="com.dol.complychain.testcases.WEB.DOL_CC_HP_TC_004">
        <test-method status="PASS" signature="initializeReport()[pri:0, instance:com.dol.complychain.testcases.WEB.DOL_CC_HP_TC_004@553f17c]" name="initializeReport" is-config="true" duration-ms="168" started-at="2019-03-12T16:17:02Z" finished-at="2019-03-12T16:17:02Z">
          <reporter-output>
          </reporter-output>
        </test-method> <!-- initializeReport -->
        <test-method status="PASS" signature="initializeDriver()[pri:0, instance:com.dol.complychain.testcases.WEB.DOL_CC_HP_TC_004@553f17c]" name="initializeDriver" is-config="true" duration-ms="5591" started-at="2019-03-12T16:17:02Z" finished-at="2019-03-12T16:17:08Z">
          <reporter-output>
          </reporter-output>
        </test-method> <!-- initializeDriver -->
        <test-method status="PASS" signature="LanguagesVerification()[pri:0, instance:com.dol.complychain.testcases.WEB.DOL_CC_HP_TC_004@553f17c]" name="LanguagesVerification" duration-ms="5592" started-at="2019-03-12T16:17:08Z" finished-at="2019-03-12T16:17:13Z">
          <reporter-output>
          </reporter-output>
        </test-method> <!-- LanguagesVerification -->
        <test-method status="PASS" signature="quitbrowser(org.testng.ITestResult)[pri:0, instance:com.dol.complychain.testcases.WEB.DOL_CC_HP_TC_004@553f17c]" name="quitbrowser" is-config="true" duration-ms="667" started-at="2019-03-12T16:17:13Z" finished-at="2019-03-12T16:17:14Z">
          <params>
            <param index="0">
              <value>
                <![CDATA[[TestResult name=LanguagesVerification status=SUCCESS method=DOL_CC_HP_TC_004.LanguagesVerification()[pri:0, instance:com.dol.complychain.testcases.WEB.DOL_CC_HP_TC_004@553f17c] output={null}]]]>
              </value>
            </param>
          </params>
          <reporter-output>
          </reporter-output>
        </test-method> <!-- quitbrowser -->
        <test-method status="PASS" signature="tearDown()[pri:0, instance:com.dol.complychain.testcases.WEB.DOL_CC_HP_TC_004@553f17c]" name="tearDown" is-config="true" duration-ms="357" started-at="2019-03-12T16:19:21Z" finished-at="2019-03-12T16:19:22Z">
          <reporter-output>
          </reporter-output>
        </test-method> <!-- tearDown -->
      </class> <!-- com.dol.complychain.testcases.WEB.DOL_CC_HP_TC_004 -->
      <class name="com.dol.complychain.testcases.WEB.DOL_CC_HP_TC_002">
        <test-method status="PASS" signature="initializeDriver()[pri:0, instance:com.dol.complychain.testcases.WEB.DOL_CC_HP_TC_002@589838eb]" name="initializeDriver" is-config="true" duration-ms="4246" started-at="2019-03-12T16:17:14Z" finished-at="2019-03-12T16:17:18Z">
          <reporter-output>
          </reporter-output>
        </test-method> <!-- initializeDriver -->
        <test-method status="PASS" signature="MenuVerification_English()[pri:0, instance:com.dol.complychain.testcases.WEB.DOL_CC_HP_TC_002@589838eb]" name="MenuVerification_English" duration-ms="6912" started-at="2019-03-12T16:17:18Z" finished-at="2019-03-12T16:17:25Z">
          <reporter-output>
          </reporter-output>
        </test-method> <!-- MenuVerification_English -->
        <test-method status="PASS" signature="quitbrowser(org.testng.ITestResult)[pri:0, instance:com.dol.complychain.testcases.WEB.DOL_CC_HP_TC_002@589838eb]" name="quitbrowser" is-config="true" duration-ms="626" started-at="2019-03-12T16:17:25Z" finished-at="2019-03-12T16:17:26Z">
          <params>
            <param index="0">
              <value>
                <![CDATA[[TestResult name=MenuVerification_English status=SUCCESS method=DOL_CC_HP_TC_002.MenuVerification_English()[pri:0, instance:com.dol.complychain.testcases.WEB.DOL_CC_HP_TC_002@589838eb] output={null}]]]>
              </value>
            </param>
          </params>
          <reporter-output>
          </reporter-output>
        </test-method> <!-- quitbrowser -->
        <test-method status="PASS" signature="initializeDriver()[pri:0, instance:com.dol.complychain.testcases.WEB.DOL_CC_HP_TC_002@589838eb]" name="initializeDriver" is-config="true" duration-ms="4391" started-at="2019-03-12T16:17:26Z" finished-at="2019-03-12T16:17:30Z">
          <reporter-output>
          </reporter-output>
        </test-method> <!-- initializeDriver -->
        <test-method status="PASS" signature="MenuVerification_Español()[pri:0, instance:com.dol.complychain.testcases.WEB.DOL_CC_HP_TC_002@589838eb]" name="MenuVerification_Español" duration-ms="7989" started-at="2019-03-12T16:17:30Z" finished-at="2019-03-12T16:17:38Z">
          <reporter-output>
          </reporter-output>
        </test-method> <!-- MenuVerification_Español -->
        <test-method status="PASS" signature="quitbrowser(org.testng.ITestResult)[pri:0, instance:com.dol.complychain.testcases.WEB.DOL_CC_HP_TC_002@589838eb]" name="quitbrowser" is-config="true" duration-ms="601" started-at="2019-03-12T16:17:38Z" finished-at="2019-03-12T16:17:39Z">
          <params>
            <param index="0">
              <value>
                <![CDATA[[TestResult name=MenuVerification_Español status=SUCCESS method=DOL_CC_HP_TC_002.MenuVerification_Español()[pri:0, instance:com.dol.complychain.testcases.WEB.DOL_CC_HP_TC_002@589838eb] output={null}]]]>
              </value>
            </param>
          </params>
          <reporter-output>
          </reporter-output>
        </test-method> <!-- quitbrowser -->
        <test-method status="PASS" signature="initializeDriver()[pri:0, instance:com.dol.complychain.testcases.WEB.DOL_CC_HP_TC_002@589838eb]" name="initializeDriver" is-config="true" duration-ms="4312" started-at="2019-03-12T16:17:39Z" finished-at="2019-03-12T16:17:43Z">
          <reporter-output>
          </reporter-output>
        </test-method> <!-- initializeDriver -->
        <test-method status="PASS" signature="MenuVerification_Français()[pri:0, instance:com.dol.complychain.testcases.WEB.DOL_CC_HP_TC_002@589838eb]" name="MenuVerification_Français" duration-ms="8292" started-at="2019-03-12T16:17:43Z" finished-at="2019-03-12T16:17:51Z">
          <reporter-output>
          </reporter-output>
        </test-method> <!-- MenuVerification_Français -->
        <test-method status="PASS" signature="quitbrowser(org.testng.ITestResult)[pri:0, instance:com.dol.complychain.testcases.WEB.DOL_CC_HP_TC_002@589838eb]" name="quitbrowser" is-config="true" duration-ms="602" started-at="2019-03-12T16:17:51Z" finished-at="2019-03-12T16:17:52Z">
          <params>
            <param index="0">
              <value>
                <![CDATA[[TestResult name=MenuVerification_Français status=SUCCESS method=DOL_CC_HP_TC_002.MenuVerification_Français()[pri:0, instance:com.dol.complychain.testcases.WEB.DOL_CC_HP_TC_002@589838eb] output={null}]]]>
              </value>
            </param>
          </params>
          <reporter-output>
          </reporter-output>
        </test-method> <!-- quitbrowser -->
      </class> <!-- com.dol.complychain.testcases.WEB.DOL_CC_HP_TC_002 -->
      <class name="com.dol.complychain.testcases.WEB.DOL_CC_HP_TC_003">
        <test-method status="PASS" signature="initializeDriver()[pri:0, instance:com.dol.complychain.testcases.WEB.DOL_CC_HP_TC_003@42dafa95]" name="initializeDriver" is-config="true" duration-ms="4228" started-at="2019-03-12T16:17:52Z" finished-at="2019-03-12T16:17:56Z">
          <reporter-output>
          </reporter-output>
        </test-method> <!-- initializeDriver -->
        <test-method status="PASS" signature="MenuVerification_English()[pri:0, instance:com.dol.complychain.testcases.WEB.DOL_CC_HP_TC_003@42dafa95]" name="MenuVerification_English" duration-ms="13017" started-at="2019-03-12T16:17:56Z" finished-at="2019-03-12T16:18:09Z">
          <reporter-output>
          </reporter-output>
        </test-method> <!-- MenuVerification_English -->
        <test-method status="PASS" signature="quitbrowser(org.testng.ITestResult)[pri:0, instance:com.dol.complychain.testcases.WEB.DOL_CC_HP_TC_003@42dafa95]" name="quitbrowser" is-config="true" duration-ms="639" started-at="2019-03-12T16:18:09Z" finished-at="2019-03-12T16:18:10Z">
          <params>
            <param index="0">
              <value>
                <![CDATA[[TestResult name=MenuVerification_English status=SUCCESS method=DOL_CC_HP_TC_003.MenuVerification_English()[pri:0, instance:com.dol.complychain.testcases.WEB.DOL_CC_HP_TC_003@42dafa95] output={null}]]]>
              </value>
            </param>
          </params>
          <reporter-output>
          </reporter-output>
        </test-method> <!-- quitbrowser -->
        <test-method status="PASS" signature="initializeDriver()[pri:0, instance:com.dol.complychain.testcases.WEB.DOL_CC_HP_TC_003@42dafa95]" name="initializeDriver" is-config="true" duration-ms="4170" started-at="2019-03-12T16:18:10Z" finished-at="2019-03-12T16:18:14Z">
          <reporter-output>
          </reporter-output>
        </test-method> <!-- initializeDriver -->
        <test-method status="PASS" signature="MenuVerification_Español()[pri:0, instance:com.dol.complychain.testcases.WEB.DOL_CC_HP_TC_003@42dafa95]" name="MenuVerification_Español" duration-ms="14302" started-at="2019-03-12T16:18:14Z" finished-at="2019-03-12T16:18:28Z">
          <reporter-output>
          </reporter-output>
        </test-method> <!-- MenuVerification_Español -->
        <test-method status="PASS" signature="quitbrowser(org.testng.ITestResult)[pri:0, instance:com.dol.complychain.testcases.WEB.DOL_CC_HP_TC_003@42dafa95]" name="quitbrowser" is-config="true" duration-ms="610" started-at="2019-03-12T16:18:28Z" finished-at="2019-03-12T16:18:29Z">
          <params>
            <param index="0">
              <value>
                <![CDATA[[TestResult name=MenuVerification_Español status=SUCCESS method=DOL_CC_HP_TC_003.MenuVerification_Español()[pri:0, instance:com.dol.complychain.testcases.WEB.DOL_CC_HP_TC_003@42dafa95] output={null}]]]>
              </value>
            </param>
          </params>
          <reporter-output>
          </reporter-output>
        </test-method> <!-- quitbrowser -->
        <test-method status="PASS" signature="initializeDriver()[pri:0, instance:com.dol.complychain.testcases.WEB.DOL_CC_HP_TC_003@42dafa95]" name="initializeDriver" is-config="true" duration-ms="4237" started-at="2019-03-12T16:18:29Z" finished-at="2019-03-12T16:18:33Z">
          <reporter-output>
          </reporter-output>
        </test-method> <!-- initializeDriver -->
        <test-method status="PASS" signature="MenuVerification_Français()[pri:0, instance:com.dol.complychain.testcases.WEB.DOL_CC_HP_TC_003@42dafa95]" name="MenuVerification_Français" duration-ms="14229" started-at="2019-03-12T16:18:33Z" finished-at="2019-03-12T16:18:47Z">
          <reporter-output>
          </reporter-output>
        </test-method> <!-- MenuVerification_Français -->
        <test-method status="PASS" signature="quitbrowser(org.testng.ITestResult)[pri:0, instance:com.dol.complychain.testcases.WEB.DOL_CC_HP_TC_003@42dafa95]" name="quitbrowser" is-config="true" duration-ms="611" started-at="2019-03-12T16:18:47Z" finished-at="2019-03-12T16:18:48Z">
          <params>
            <param index="0">
              <value>
                <![CDATA[[TestResult name=MenuVerification_Français status=SUCCESS method=DOL_CC_HP_TC_003.MenuVerification_Français()[pri:0, instance:com.dol.complychain.testcases.WEB.DOL_CC_HP_TC_003@42dafa95] output={null}]]]>
              </value>
            </param>
          </params>
          <reporter-output>
          </reporter-output>
        </test-method> <!-- quitbrowser -->
      </class> <!-- com.dol.complychain.testcases.WEB.DOL_CC_HP_TC_003 -->
      <class name="com.dol.complychain.testcases.WEB.DOL_CC_HP_TC_001">
        <test-method status="PASS" signature="initializeDriver()[pri:0, instance:com.dol.complychain.testcases.WEB.DOL_CC_HP_TC_001@6500df86]" name="initializeDriver" is-config="true" duration-ms="4194" started-at="2019-03-12T16:18:48Z" finished-at="2019-03-12T16:18:52Z">
          <reporter-output>
          </reporter-output>
        </test-method> <!-- initializeDriver -->
        <test-method status="FAIL" signature="HomePageVerification_English()[pri:0, instance:com.dol.complychain.testcases.WEB.DOL_CC_HP_TC_001@6500df86]" name="HomePageVerification_English" duration-ms="5281" started-at="2019-03-12T16:18:52Z" finished-at="2019-03-12T16:18:57Z">
          <exception class="java.lang.NullPointerException">
            <full-stacktrace>
              <![CDATA[java.lang.NullPointerException
at com.dol.complychain.pages.HomePage.HomePageVerification_EN(HomePage.java:164)
at com.dol.complychain.testcases.WEB.DOL_CC_HP_TC_001.HomePageVerification_English(DOL_CC_HP_TC_001.java:17)
at sun.reflect.NativeMethodAccessorImpl.invoke0(Native Method)
at sun.reflect.NativeMethodAccessorImpl.invoke(Unknown Source)
at sun.reflect.DelegatingMethodAccessorImpl.invoke(Unknown Source)
at java.lang.reflect.Method.invoke(Unknown Source)
at org.testng.internal.MethodInvocationHelper.invokeMethod(MethodInvocationHelper.java:124)
at org.testng.internal.Invoker.invokeMethod(Invoker.java:583)
at org.testng.internal.Invoker.invokeTestMethod(Invoker.java:719)
at org.testng.internal.Invoker.invokeTestMethods(Invoker.java:989)
at org.testng.internal.TestMethodWorker.invokeTestMethods(TestMethodWorker.java:125)
at org.testng.internal.TestMethodWorker.run(TestMethodWorker.java:109)
at org.testng.TestRunner.privateRun(TestRunner.java:648)
at org.testng.TestRunner.run(TestRunner.java:505)
at org.testng.SuiteRunner.runTest(SuiteRunner.java:455)
at org.testng.SuiteRunner.runSequentially(SuiteRunner.java:450)
at org.testng.SuiteRunner.privateRun(SuiteRunner.java:415)
at org.testng.SuiteRunner.run(SuiteRunner.java:364)
at org.testng.SuiteRunnerWorker.runSuite(SuiteRunnerWorker.java:52)
at org.testng.SuiteRunnerWorker.run(SuiteRunnerWorker.java:84)
at org.testng.TestNG.runSuitesSequentially(TestNG.java:1208)
at org.testng.TestNG.runSuitesLocally(TestNG.java:1137)
at org.testng.TestNG.runSuites(TestNG.java:1049)
at org.testng.TestNG.run(TestNG.java:1017)
at org.testng.remote.AbstractRemoteTestNG.run(AbstractRemoteTestNG.java:115)
at org.testng.remote.RemoteTestNG.initAndRun(RemoteTestNG.java:251)
at org.testng.remote.RemoteTestNG.main(RemoteTestNG.java:77)
]]>
            </full-stacktrace>
          </exception> <!-- java.lang.NullPointerException -->
          <reporter-output>
          </reporter-output>
        </test-method> <!-- HomePageVerification_English -->
        <test-method status="PASS" signature="quitbrowser(org.testng.ITestResult)[pri:0, instance:com.dol.complychain.testcases.WEB.DOL_CC_HP_TC_001@6500df86]" name="quitbrowser" is-config="true" duration-ms="955" started-at="2019-03-12T16:18:57Z" finished-at="2019-03-12T16:18:58Z">
          <params>
            <param index="0">
              <value>
                <![CDATA[[TestResult name=HomePageVerification_English status=FAILURE method=DOL_CC_HP_TC_001.HomePageVerification_English()[pri:0, instance:com.dol.complychain.testcases.WEB.DOL_CC_HP_TC_001@6500df86] output={null}]]]>
              </value>
            </param>
          </params>
          <reporter-output>
          </reporter-output>
        </test-method> <!-- quitbrowser -->
        <test-method status="PASS" signature="initializeDriver()[pri:0, instance:com.dol.complychain.testcases.WEB.DOL_CC_HP_TC_001@6500df86]" name="initializeDriver" is-config="true" duration-ms="4289" started-at="2019-03-12T16:18:58Z" finished-at="2019-03-12T16:19:03Z">
          <reporter-output>
          </reporter-output>
        </test-method> <!-- initializeDriver -->
        <test-method status="FAIL" signature="HomePageVerification_Español()[pri:0, instance:com.dol.complychain.testcases.WEB.DOL_CC_HP_TC_001@6500df86]" name="HomePageVerification_Español" duration-ms="6461" started-at="2019-03-12T16:19:03Z" finished-at="2019-03-12T16:19:09Z">
          <exception class="java.lang.NullPointerException">
            <full-stacktrace>
              <![CDATA[java.lang.NullPointerException
at com.dol.complychain.pages.HomePage.HomePageVerification_ES(HomePage.java:303)
at com.dol.complychain.testcases.WEB.DOL_CC_HP_TC_001.HomePageVerification_Español(DOL_CC_HP_TC_001.java:26)
at sun.reflect.NativeMethodAccessorImpl.invoke0(Native Method)
at sun.reflect.NativeMethodAccessorImpl.invoke(Unknown Source)
at sun.reflect.DelegatingMethodAccessorImpl.invoke(Unknown Source)
at java.lang.reflect.Method.invoke(Unknown Source)
at org.testng.internal.MethodInvocationHelper.invokeMethod(MethodInvocationHelper.java:124)
at org.testng.internal.Invoker.invokeMethod(Invoker.java:583)
at org.testng.internal.Invoker.invokeTestMethod(Invoker.java:719)
at org.testng.internal.Invoker.invokeTestMethods(Invoker.java:989)
at org.testng.internal.TestMethodWorker.invokeTestMethods(TestMethodWorker.java:125)
at org.testng.internal.TestMethodWorker.run(TestMethodWorker.java:109)
at org.testng.TestRunner.privateRun(TestRunner.java:648)
at org.testng.TestRunner.run(TestRunner.java:505)
at org.testng.SuiteRunner.runTest(SuiteRunner.java:455)
at org.testng.SuiteRunner.runSequentially(SuiteRunner.java:450)
at org.testng.SuiteRunner.privateRun(SuiteRunner.java:415)
at org.testng.SuiteRunner.run(SuiteRunner.java:364)
at org.testng.SuiteRunnerWorker.runSuite(SuiteRunnerWorker.java:52)
at org.testng.SuiteRunnerWorker.run(SuiteRunnerWorker.java:84)
at org.testng.TestNG.runSuitesSequentially(TestNG.java:1208)
at org.testng.TestNG.runSuitesLocally(TestNG.java:1137)
at org.testng.TestNG.runSuites(TestNG.java:1049)
at org.testng.TestNG.run(TestNG.java:1017)
at org.testng.remote.AbstractRemoteTestNG.run(AbstractRemoteTestNG.java:115)
at org.testng.remote.RemoteTestNG.initAndRun(RemoteTestNG.java:251)
at org.testng.remote.RemoteTestNG.main(RemoteTestNG.java:77)
]]>
            </full-stacktrace>
          </exception> <!-- java.lang.NullPointerException -->
          <reporter-output>
          </reporter-output>
        </test-method> <!-- HomePageVerification_Español -->
        <test-method status="PASS" signature="quitbrowser(org.testng.ITestResult)[pri:0, instance:com.dol.complychain.testcases.WEB.DOL_CC_HP_TC_001@6500df86]" name="quitbrowser" is-config="true" duration-ms="898" started-at="2019-03-12T16:19:09Z" finished-at="2019-03-12T16:19:10Z">
          <params>
            <param index="0">
              <value>
                <![CDATA[[TestResult name=HomePageVerification_Español status=FAILURE method=DOL_CC_HP_TC_001.HomePageVerification_Español()[pri:0, instance:com.dol.complychain.testcases.WEB.DOL_CC_HP_TC_001@6500df86] output={null}]]]>
              </value>
            </param>
          </params>
          <reporter-output>
          </reporter-output>
        </test-method> <!-- quitbrowser -->
        <test-method status="PASS" signature="initializeDriver()[pri:0, instance:com.dol.complychain.testcases.WEB.DOL_CC_HP_TC_001@6500df86]" name="initializeDriver" is-config="true" duration-ms="4244" started-at="2019-03-12T16:19:10Z" finished-at="2019-03-12T16:19:14Z">
          <reporter-output>
          </reporter-output>
        </test-method> <!-- initializeDriver -->
        <test-method status="FAIL" signature="HomePageVerification_Français()[pri:0, instance:com.dol.complychain.testcases.WEB.DOL_CC_HP_TC_001@6500df86]" name="HomePageVerification_Français" duration-ms="6142" started-at="2019-03-12T16:19:14Z" finished-at="2019-03-12T16:19:20Z">
          <exception class="java.lang.NullPointerException">
            <full-stacktrace>
              <![CDATA[java.lang.NullPointerException
at com.dol.complychain.pages.HomePage.HomePageVerification_FR(HomePage.java:451)
at com.dol.complychain.testcases.WEB.DOL_CC_HP_TC_001.HomePageVerification_Français(DOL_CC_HP_TC_001.java:35)
at sun.reflect.NativeMethodAccessorImpl.invoke0(Native Method)
at sun.reflect.NativeMethodAccessorImpl.invoke(Unknown Source)
at sun.reflect.DelegatingMethodAccessorImpl.invoke(Unknown Source)
at java.lang.reflect.Method.invoke(Unknown Source)
at org.testng.internal.MethodInvocationHelper.invokeMethod(MethodInvocationHelper.java:124)
at org.testng.internal.Invoker.invokeMethod(Invoker.java:583)
at org.testng.internal.Invoker.invokeTestMethod(Invoker.java:719)
at org.testng.internal.Invoker.invokeTestMethods(Invoker.java:989)
at org.testng.internal.TestMethodWorker.invokeTestMethods(TestMethodWorker.java:125)
at org.testng.internal.TestMethodWorker.run(TestMethodWorker.java:109)
at org.testng.TestRunner.privateRun(TestRunner.java:648)
at org.testng.TestRunner.run(TestRunner.java:505)
at org.testng.SuiteRunner.runTest(SuiteRunner.java:455)
at org.testng.SuiteRunner.runSequentially(SuiteRunner.java:450)
at org.testng.SuiteRunner.privateRun(SuiteRunner.java:415)
at org.testng.SuiteRunner.run(SuiteRunner.java:364)
at org.testng.SuiteRunnerWorker.runSuite(SuiteRunnerWorker.java:52)
at org.testng.SuiteRunnerWorker.run(SuiteRunnerWorker.java:84)
at org.testng.TestNG.runSuitesSequentially(TestNG.java:1208)
at org.testng.TestNG.runSuitesLocally(TestNG.java:1137)
at org.testng.TestNG.runSuites(TestNG.java:1049)
at org.testng.TestNG.run(TestNG.java:1017)
at org.testng.remote.AbstractRemoteTestNG.run(AbstractRemoteTestNG.java:115)
at org.testng.remote.RemoteTestNG.initAndRun(RemoteTestNG.java:251)
at org.testng.remote.RemoteTestNG.main(RemoteTestNG.java:77)
]]>
            </full-stacktrace>
          </exception> <!-- java.lang.NullPointerException -->
          <reporter-output>
          </reporter-output>
        </test-method> <!-- HomePageVerification_Français -->
        <test-method status="PASS" signature="quitbrowser(org.testng.ITestResult)[pri:0, instance:com.dol.complychain.testcases.WEB.DOL_CC_HP_TC_001@6500df86]" name="quitbrowser" is-config="true" duration-ms="934" started-at="2019-03-12T16:19:20Z" finished-at="2019-03-12T16:19:21Z">
          <params>
            <param index="0">
              <value>
                <![CDATA[[TestResult name=HomePageVerification_Français status=FAILURE method=DOL_CC_HP_TC_001.HomePageVerification_Français()[pri:0, instance:com.dol.complychain.testcases.WEB.DOL_CC_HP_TC_001@6500df86] output={null}]]]>
              </value>
            </param>
          </params>
          <reporter-output>
          </reporter-output>
        </test-method> <!-- quitbrowser -->
      </class> <!-- com.dol.complychain.testcases.WEB.DOL_CC_HP_TC_001 -->
    </test> <!-- Default test -->
  </suite> <!-- Default suite -->
</testng-results>
